<?xml version="1.0" encoding="UTF-8"?>
<!-- Generated by org.testng.reporters.JUnitXMLReporter -->
<testsuite ignored="0" hostname="Sarabdeeps-MBP" failures="0" tests="3" name="AddBestSellerBookToCart Test" time="32.933" errors="0" timestamp="2023-10-28T19:40:42 CEST">
  <testcase classname="Tests.AddBestSellerBookToCart" name="test2" time="11.261"/>
  <testcase classname="Tests.VerifyBookRank" name="test1" time="4.528"/>
  <testcase classname="Tests.VerifyBookRank" name="test2" time="0.001"/>
</testsuite> <!-- AddBestSellerBookToCart Test -->
