<?xml version="1.0" encoding="UTF-8"?>
<!-- Generated by org.testng.reporters.JUnitXMLReporter -->
<testsuite ignored="0" hostname="Sarabdeeps-MBP" failures="0" tests="3" name="AddBestSellerBookToCart Test" time="27.304" errors="0" timestamp="2023-10-28T17:28:01 CEST">
  <testcase classname="Tests.AddBestSellerBookToCart" name="test2" time="10.271"/>
  <testcase classname="Tests.VerifyBookRank" name="test1" time="2.844"/>
  <testcase classname="Tests.VerifyBookRank" name="test2" time="0.004"/>
</testsuite> <!-- AddBestSellerBookToCart Test -->
