<?xml version="1.0" encoding="UTF-8"?>
<!-- Generated by org.testng.reporters.JUnitXMLReporter -->
<testsuite ignored="0" hostname="Sarabdeeps-MBP" failures="0" tests="3" name="AddBestSellerBookToCart Test" time="40.13" errors="0" timestamp="2023-10-28T19:13:36 CEST">
  <testcase classname="Tests.AddBestSellerBookToCart" name="test2" time="12.883"/>
  <testcase classname="Tests.VerifyBookRank" name="test1" time="4.482"/>
  <testcase classname="Tests.VerifyBookRank" name="test2" time="0.0"/>
</testsuite> <!-- AddBestSellerBookToCart Test -->
