<?xml version="1.0" encoding="UTF-8"?>
<testng-results ignored="0" total="3" passed="3" failed="0" skipped="0">
  <reporter-output>
  </reporter-output>
  <suite started-at="2023-10-28T19:12:55 CEST" name="Suite" finished-at="2023-10-28T19:13:35 CEST" duration-ms="40130">
    <groups>
    </groups>
    <test started-at="2023-10-28T19:12:55 CEST" name="AddBestSellerBookToCart Test" finished-at="2023-10-28T19:13:35 CEST" duration-ms="40130">
      <class name="Tests.AddBestSellerBookToCart">
        <test-method is-config="true" signature="launchApp()[pri:0, instance:Tests.AddBestSellerBookToCart@344561e0]" started-at="2023-10-28T19:12:55 CEST" name="launchApp" finished-at="2023-10-28T19:13:02 CEST" duration-ms="6802" status="PASS">
          <reporter-output>
          </reporter-output>
        </test-method> <!-- launchApp -->
        <test-method is-config="true" signature="methodSetup()[pri:0, instance:Tests.AddBestSellerBookToCart@344561e0]" started-at="2023-10-28T19:13:02 CEST" name="methodSetup" finished-at="2023-10-28T19:13:02 CEST" duration-ms="17" status="PASS">
          <reporter-output>
          </reporter-output>
        </test-method> <!-- methodSetup -->
        <test-method signature="test2()[pri:0, instance:Tests.AddBestSellerBookToCart@344561e0]" started-at="2023-10-28T19:13:02 CEST" name="test2" finished-at="2023-10-28T19:13:15 CEST" duration-ms="12883" status="PASS">
          <reporter-output>
          </reporter-output>
        </test-method> <!-- test2 -->
        <test-method is-config="true" signature="tearDown()[pri:0, instance:Tests.AddBestSellerBookToCart@344561e0]" started-at="2023-10-28T19:13:15 CEST" name="tearDown" finished-at="2023-10-28T19:13:15 CEST" duration-ms="573" status="PASS">
          <reporter-output>
          </reporter-output>
        </test-method> <!-- tearDown -->
      </class> <!-- Tests.AddBestSellerBookToCart -->
      <class name="Tests.VerifyBookRank">
        <test-method is-config="true" signature="launchApp()[pri:0, instance:Tests.VerifyBookRank@3704122f]" started-at="2023-10-28T19:13:15 CEST" name="launchApp" finished-at="2023-10-28T19:13:23 CEST" duration-ms="7966" status="PASS">
          <reporter-output>
          </reporter-output>
        </test-method> <!-- launchApp -->
        <test-method is-config="true" signature="methodSetup()[pri:0, instance:Tests.VerifyBookRank@3704122f]" started-at="2023-10-28T19:13:23 CEST" name="methodSetup" finished-at="2023-10-28T19:13:23 CEST" duration-ms="1" status="PASS">
          <reporter-output>
          </reporter-output>
        </test-method> <!-- methodSetup -->
        <test-method signature="test1()[pri:0, instance:Tests.VerifyBookRank@3704122f]" started-at="2023-10-28T19:13:23 CEST" name="test1" finished-at="2023-10-28T19:13:28 CEST" duration-ms="4482" status="PASS">
          <reporter-output>
          </reporter-output>
        </test-method> <!-- test1 -->
        <test-method is-config="true" signature="tearDown()[pri:0, instance:Tests.VerifyBookRank@3704122f]" started-at="2023-10-28T19:13:28 CEST" name="tearDown" finished-at="2023-10-28T19:13:28 CEST" duration-ms="487" status="PASS">
          <reporter-output>
          </reporter-output>
        </test-method> <!-- tearDown -->
        <test-method is-config="true" signature="launchApp()[pri:0, instance:Tests.VerifyBookRank@3704122f]" started-at="2023-10-28T19:13:28 CEST" name="launchApp" finished-at="2023-10-28T19:13:35 CEST" duration-ms="6409" status="PASS">
          <reporter-output>
          </reporter-output>
        </test-method> <!-- launchApp -->
        <test-method is-config="true" signature="methodSetup()[pri:0, instance:Tests.VerifyBookRank@3704122f]" started-at="2023-10-28T19:13:35 CEST" name="methodSetup" finished-at="2023-10-28T19:13:35 CEST" duration-ms="1" status="PASS">
          <reporter-output>
          </reporter-output>
        </test-method> <!-- methodSetup -->
        <test-method signature="test2()[pri:0, instance:Tests.VerifyBookRank@3704122f]" started-at="2023-10-28T19:13:35 CEST" name="test2" finished-at="2023-10-28T19:13:35 CEST" duration-ms="0" status="PASS">
          <reporter-output>
          </reporter-output>
        </test-method> <!-- test2 -->
        <test-method is-config="true" signature="tearDown()[pri:0, instance:Tests.VerifyBookRank@3704122f]" started-at="2023-10-28T19:13:35 CEST" name="tearDown" finished-at="2023-10-28T19:13:35 CEST" duration-ms="475" status="PASS">
          <reporter-output>
          </reporter-output>
        </test-method> <!-- tearDown -->
      </class> <!-- Tests.VerifyBookRank -->
    </test> <!-- AddBestSellerBookToCart Test -->
  </suite> <!-- Suite -->
</testng-results>
