<?xml version="1.0" encoding="UTF-8"?>
<testng-results ignored="0" total="3" passed="3" failed="0" skipped="0">
  <reporter-output>
  </reporter-output>
  <suite started-at="2023-10-28T14:39:47 CEST" name="Suite" finished-at="2023-10-28T14:40:11 CEST" duration-ms="24030">
    <groups>
    </groups>
    <test started-at="2023-10-28T14:39:47 CEST" name="AddBestSellerBookToCart Test" finished-at="2023-10-28T14:40:11 CEST" duration-ms="24030">
      <class name="Tests.AddBestSellerBookToCart">
        <test-method is-config="true" signature="launchApp()[pri:0, instance:Tests.AddBestSellerBookToCart@f325091]" started-at="2023-10-28T14:39:47 CEST" name="launchApp" finished-at="2023-10-28T14:39:50 CEST" duration-ms="3680" status="PASS">
          <reporter-output>
          </reporter-output>
        </test-method> <!-- launchApp -->
        <test-method is-config="true" signature="methodSetup()[pri:0, instance:Tests.AddBestSellerBookToCart@f325091]" started-at="2023-10-28T14:39:50 CEST" name="methodSetup" finished-at="2023-10-28T14:39:50 CEST" duration-ms="7" status="PASS">
          <reporter-output>
          </reporter-output>
        </test-method> <!-- methodSetup -->
        <test-method signature="test2()[pri:0, instance:Tests.AddBestSellerBookToCart@f325091]" started-at="2023-10-28T14:39:50 CEST" name="test2" finished-at="2023-10-28T14:40:03 CEST" duration-ms="12297" status="PASS">
          <reporter-output>
          </reporter-output>
        </test-method> <!-- test2 -->
        <test-method is-config="true" signature="tearDown()[pri:0, instance:Tests.AddBestSellerBookToCart@f325091]" started-at="2023-10-28T14:40:03 CEST" name="tearDown" finished-at="2023-10-28T14:40:03 CEST" duration-ms="151" status="PASS">
          <reporter-output>
          </reporter-output>
        </test-method> <!-- tearDown -->
      </class> <!-- Tests.AddBestSellerBookToCart -->
      <class name="Tests.VerifyBookRank">
        <test-method is-config="true" signature="launchApp()[pri:0, instance:Tests.VerifyBookRank@6d2260db]" started-at="2023-10-28T14:40:03 CEST" name="launchApp" finished-at="2023-10-28T14:40:05 CEST" duration-ms="2286" status="PASS">
          <reporter-output>
          </reporter-output>
        </test-method> <!-- launchApp -->
        <test-method is-config="true" signature="methodSetup()[pri:0, instance:Tests.VerifyBookRank@6d2260db]" started-at="2023-10-28T14:40:05 CEST" name="methodSetup" finished-at="2023-10-28T14:40:05 CEST" duration-ms="1" status="PASS">
          <reporter-output>
          </reporter-output>
        </test-method> <!-- methodSetup -->
        <test-method signature="test1()[pri:0, instance:Tests.VerifyBookRank@6d2260db]" started-at="2023-10-28T14:40:05 CEST" name="test1" finished-at="2023-10-28T14:40:08 CEST" duration-ms="2976" status="PASS">
          <reporter-output>
          </reporter-output>
        </test-method> <!-- test1 -->
        <test-method is-config="true" signature="tearDown()[pri:0, instance:Tests.VerifyBookRank@6d2260db]" started-at="2023-10-28T14:40:08 CEST" name="tearDown" finished-at="2023-10-28T14:40:08 CEST" duration-ms="140" status="PASS">
          <reporter-output>
          </reporter-output>
        </test-method> <!-- tearDown -->
        <test-method is-config="true" signature="launchApp()[pri:0, instance:Tests.VerifyBookRank@6d2260db]" started-at="2023-10-28T14:40:08 CEST" name="launchApp" finished-at="2023-10-28T14:40:11 CEST" duration-ms="2324" status="PASS">
          <reporter-output>
          </reporter-output>
        </test-method> <!-- launchApp -->
        <test-method is-config="true" signature="methodSetup()[pri:0, instance:Tests.VerifyBookRank@6d2260db]" started-at="2023-10-28T14:40:11 CEST" name="methodSetup" finished-at="2023-10-28T14:40:11 CEST" duration-ms="1" status="PASS">
          <reporter-output>
          </reporter-output>
        </test-method> <!-- methodSetup -->
        <test-method signature="test2()[pri:0, instance:Tests.VerifyBookRank@6d2260db]" started-at="2023-10-28T14:40:11 CEST" name="test2" finished-at="2023-10-28T14:40:11 CEST" duration-ms="2" status="PASS">
          <reporter-output>
          </reporter-output>
        </test-method> <!-- test2 -->
        <test-method is-config="true" signature="tearDown()[pri:0, instance:Tests.VerifyBookRank@6d2260db]" started-at="2023-10-28T14:40:11 CEST" name="tearDown" finished-at="2023-10-28T14:40:11 CEST" duration-ms="140" status="PASS">
          <reporter-output>
          </reporter-output>
        </test-method> <!-- tearDown -->
      </class> <!-- Tests.VerifyBookRank -->
    </test> <!-- AddBestSellerBookToCart Test -->
  </suite> <!-- Suite -->
</testng-results>
